

Started GET "/" for 127.0.0.1 at Mon Dec 05 18:07:37 +0800 2011
  Processing by HomeController#index as HTML
MONGODB [WARNING] Please note that logging negatively impacts client-side performance. You should set your logging level no lower than :info in production.
Rendered home/index.html.erb within layouts/application (7.2ms)
Completed 500 Internal Server Error in 18ms

ActionView::Template::Error (db_name must be a string or symbol):
    1: <h3>Home</h3>
    2: <% @users.each do |user| %>
    3:     <p>User: <%= link_to user.name, user %></p>
    4: <% end %>
  app/views/home/index.html.erb:2:in `_app_views_home_index_html_erb__1296852590_2207845740'

Rendered /Library/Ruby/Gems/1.8/gems/actionpack-3.1.3/lib/action_dispatch/middleware/templates/rescues/_trace.erb (1.5ms)
Rendered /Library/Ruby/Gems/1.8/gems/actionpack-3.1.3/lib/action_dispatch/middleware/templates/rescues/_request_and_response.erb (0.8ms)
Rendered /Library/Ruby/Gems/1.8/gems/actionpack-3.1.3/lib/action_dispatch/middleware/templates/rescues/template_error.erb within rescues/layout (4.5ms)


Started GET "/" for 127.0.0.1 at Mon Dec 05 18:08:13 +0800 2011
  Processing by HomeController#index as HTML
MONGODB [WARNING] Please note that logging negatively impacts client-side performance. You should set your logging level no lower than :info in production.
Rendered home/index.html.erb within layouts/application (2.7ms)
Completed 500 Internal Server Error in 4ms

ActionView::Template::Error (db_name must be a string or symbol):
    1: <h3>Home</h3>
    2: <% @users.each do |user| %>
    3:     <p>User: <%= link_to user.name, user %></p>
    4: <% end %>
  app/views/home/index.html.erb:2:in `_app_views_home_index_html_erb__1296852590_2207845740'

Rendered /Library/Ruby/Gems/1.8/gems/actionpack-3.1.3/lib/action_dispatch/middleware/templates/rescues/_trace.erb (1.3ms)
Rendered /Library/Ruby/Gems/1.8/gems/actionpack-3.1.3/lib/action_dispatch/middleware/templates/rescues/_request_and_response.erb (0.7ms)
Rendered /Library/Ruby/Gems/1.8/gems/actionpack-3.1.3/lib/action_dispatch/middleware/templates/rescues/template_error.erb within rescues/layout (3.9ms)


Started GET "/" for 127.0.0.1 at Mon Dec 05 19:10:13 +0800 2011
  Processing by HomeController#index as HTML
MONGODB [WARNING] Please note that logging negatively impacts client-side performance. You should set your logging level no lower than :info in production.
Rendered home/index.html.erb within layouts/application (7.7ms)
Completed 500 Internal Server Error in 18ms

ActionView::Template::Error (db_name must be a string or symbol):
    1: <h3>Home</h3>
    2: <% @users.each do |user| %>
    3:     <p>User: <%= link_to user.name, user %></p>
    4: <% end %>
  app/views/home/index.html.erb:2:in `_app_views_home_index_html_erb__710604297_2223323960'

Rendered /Library/Ruby/Gems/1.8/gems/actionpack-3.1.3/lib/action_dispatch/middleware/templates/rescues/_trace.erb (1.5ms)
Rendered /Library/Ruby/Gems/1.8/gems/actionpack-3.1.3/lib/action_dispatch/middleware/templates/rescues/_request_and_response.erb (0.8ms)
Rendered /Library/Ruby/Gems/1.8/gems/actionpack-3.1.3/lib/action_dispatch/middleware/templates/rescues/template_error.erb within rescues/layout (4.6ms)


Started GET "/" for 127.0.0.1 at Tue Dec 06 03:46:08 +0800 2011
  Processing by HomeController#index as HTML
Rendered home/index.html.erb within layouts/application (1.2ms)
Completed 500 Internal Server Error in 19ms

ActionView::Template::Error (application.css isn't precompiled):
    5:         <meta name="description" content="">
    6:         <meta name="author" content="">
    7:         <title>Spreader</title>
    8:         <%= stylesheet_link_tag    "application" %>
    9:         <%= javascript_include_tag "application" %>
    10:         <%= csrf_meta_tags %>
    11:     </head>
  app/views/layouts/application.html.erb:8:in `_app_views_layouts_application_html_erb___1351471917_2279105140'

Rendered /Library/Ruby/Gems/1.8/gems/actionpack-3.1.3/lib/action_dispatch/middleware/templates/rescues/_trace.erb (1.3ms)
Rendered /Library/Ruby/Gems/1.8/gems/actionpack-3.1.3/lib/action_dispatch/middleware/templates/rescues/_request_and_response.erb (0.9ms)
Rendered /Library/Ruby/Gems/1.8/gems/actionpack-3.1.3/lib/action_dispatch/middleware/templates/rescues/template_error.erb within rescues/layout (4.4ms)


Started GET "/" for 127.0.0.1 at Tue Dec 06 03:48:24 +0800 2011
  Processing by HomeController#index as HTML
Rendered home/index.html.erb within layouts/application (0.1ms)
Completed 500 Internal Server Error in 2ms

ActionView::Template::Error (application.css isn't precompiled):
    5:         <meta name="description" content="">
    6:         <meta name="author" content="">
    7:         <title>Spreader</title>
    8:         <%= stylesheet_link_tag    "application" %>
    9:         <%= javascript_include_tag "application" %>
    10:         <%= csrf_meta_tags %>
    11:     </head>
  app/views/layouts/application.html.erb:8:in `_app_views_layouts_application_html_erb___1351471917_2279105140'

Rendered /Library/Ruby/Gems/1.8/gems/actionpack-3.1.3/lib/action_dispatch/middleware/templates/rescues/_trace.erb (1.7ms)
Rendered /Library/Ruby/Gems/1.8/gems/actionpack-3.1.3/lib/action_dispatch/middleware/templates/rescues/_request_and_response.erb (0.9ms)
Rendered /Library/Ruby/Gems/1.8/gems/actionpack-3.1.3/lib/action_dispatch/middleware/templates/rescues/template_error.erb within rescues/layout (5.2ms)


Started GET "/" for 127.0.0.1 at Tue Dec 06 03:48:27 +0800 2011
  Processing by HomeController#index as HTML
Rendered home/index.html.erb within layouts/application (0.1ms)
Completed 500 Internal Server Error in 2ms

ActionView::Template::Error (application.css isn't precompiled):
    5:         <meta name="description" content="">
    6:         <meta name="author" content="">
    7:         <title>Spreader</title>
    8:         <%= stylesheet_link_tag    "application" %>
    9:         <%= javascript_include_tag "application" %>
    10:         <%= csrf_meta_tags %>
    11:     </head>
  app/views/layouts/application.html.erb:8:in `_app_views_layouts_application_html_erb___1351471917_2279105140'

Rendered /Library/Ruby/Gems/1.8/gems/actionpack-3.1.3/lib/action_dispatch/middleware/templates/rescues/_trace.erb (1.6ms)
Rendered /Library/Ruby/Gems/1.8/gems/actionpack-3.1.3/lib/action_dispatch/middleware/templates/rescues/_request_and_response.erb (1.4ms)
Rendered /Library/Ruby/Gems/1.8/gems/actionpack-3.1.3/lib/action_dispatch/middleware/templates/rescues/template_error.erb within rescues/layout (5.9ms)
Compiled application.js  (4ms)  (pid 17391)
Compiled jquery.js  (7ms)  (pid 17391)
Compiled jquery_ujs.js  (1ms)  (pid 17391)
Compiled application.js  (3ms)  (pid 17415)
Compiled jquery.js  (4ms)  (pid 17415)
Compiled jquery_ujs.js  (0ms)  (pid 17415)


Started GET "/" for 127.0.0.1 at Tue Dec 06 04:07:19 +0800 2011
  Processing by HomeController#index as HTML
Rendered home/index.html.erb within layouts/application (0.1ms)
Completed 500 Internal Server Error in 3ms

ActionView::Template::Error (application.css isn't precompiled):
    5:         <meta name="description" content="">
    6:         <meta name="author" content="">
    7:         <title>Spreader</title>
    8:         <%= stylesheet_link_tag    "application" %>
    9:         <%= javascript_include_tag "application" %>
    10:         <%= csrf_meta_tags %>
    11:     </head>
  app/views/layouts/application.html.erb:8:in `_app_views_layouts_application_html_erb___1351471917_2279105140'

Rendered /Library/Ruby/Gems/1.8/gems/actionpack-3.1.3/lib/action_dispatch/middleware/templates/rescues/_trace.erb (1.5ms)
Rendered /Library/Ruby/Gems/1.8/gems/actionpack-3.1.3/lib/action_dispatch/middleware/templates/rescues/_request_and_response.erb (1.1ms)
Rendered /Library/Ruby/Gems/1.8/gems/actionpack-3.1.3/lib/action_dispatch/middleware/templates/rescues/template_error.erb within rescues/layout (5.3ms)


Started GET "/" for 127.0.0.1 at Tue Dec 06 04:07:21 +0800 2011
  Processing by HomeController#index as HTML
Rendered home/index.html.erb within layouts/application (0.1ms)
Completed 500 Internal Server Error in 2ms

ActionView::Template::Error (application.css isn't precompiled):
    5:         <meta name="description" content="">
    6:         <meta name="author" content="">
    7:         <title>Spreader</title>
    8:         <%= stylesheet_link_tag    "application" %>
    9:         <%= javascript_include_tag "application" %>
    10:         <%= csrf_meta_tags %>
    11:     </head>
  app/views/layouts/application.html.erb:8:in `_app_views_layouts_application_html_erb___1351471917_2279105140'

Rendered /Library/Ruby/Gems/1.8/gems/actionpack-3.1.3/lib/action_dispatch/middleware/templates/rescues/_trace.erb (1.5ms)
Rendered /Library/Ruby/Gems/1.8/gems/actionpack-3.1.3/lib/action_dispatch/middleware/templates/rescues/_request_and_response.erb (1.0ms)
Rendered /Library/Ruby/Gems/1.8/gems/actionpack-3.1.3/lib/action_dispatch/middleware/templates/rescues/template_error.erb within rescues/layout (5.0ms)


Started GET "/analytics" for 127.0.0.1 at Tue Dec 06 08:11:21 +0800 2011
  Processing by AnalyticsController#index as HTML
Rendered analytics/index.html.erb within layouts/application (1.9ms)
Completed 500 Internal Server Error in 18ms

ActionView::Template::Error (application.css isn't precompiled):
    5:         <meta name="description" content="">
    6:         <meta name="author" content="">
    7:         <title>Spreader</title>
    8:         <%= stylesheet_link_tag    "application" %>
    9:         <%= javascript_include_tag "application" %>
    10:         <script type="text/javascript" src="http://code.jquery.com/jquery-latest.js"></script>
    11:         <%= csrf_meta_tags %>
  app/views/layouts/application.html.erb:8:in `_app_views_layouts_application_html_erb___1351471917_2309158700'

Rendered /Library/Ruby/Gems/1.8/gems/actionpack-3.1.3/lib/action_dispatch/middleware/templates/rescues/_trace.erb (1.3ms)
Rendered /Library/Ruby/Gems/1.8/gems/actionpack-3.1.3/lib/action_dispatch/middleware/templates/rescues/_request_and_response.erb (0.8ms)
Rendered /Library/Ruby/Gems/1.8/gems/actionpack-3.1.3/lib/action_dispatch/middleware/templates/rescues/template_error.erb within rescues/layout (4.2ms)


Started GET "/analytics" for 127.0.0.1 at Tue Dec 06 08:13:58 +0800 2011
  Processing by AnalyticsController#index as HTML
Rendered analytics/index.html.erb within layouts/application (1.3ms)
Completed 500 Internal Server Error in 15ms

ActionView::Template::Error (application.css isn't precompiled):
    5:         <meta name="description" content="">
    6:         <meta name="author" content="">
    7:         <title>Spreader</title>
    8:         <%= stylesheet_link_tag    "application" %>
    9:         <%= javascript_include_tag "application" %>
    10:         <script type="text/javascript" src="http://code.jquery.com/jquery-latest.js"></script>
    11:         <%= csrf_meta_tags %>
  app/views/layouts/application.html.erb:8:in `_app_views_layouts_application_html_erb___1351471917_2294086920'

Rendered /Library/Ruby/Gems/1.8/gems/actionpack-3.1.3/lib/action_dispatch/middleware/templates/rescues/_trace.erb (1.3ms)
Rendered /Library/Ruby/Gems/1.8/gems/actionpack-3.1.3/lib/action_dispatch/middleware/templates/rescues/_request_and_response.erb (0.9ms)
Rendered /Library/Ruby/Gems/1.8/gems/actionpack-3.1.3/lib/action_dispatch/middleware/templates/rescues/template_error.erb within rescues/layout (4.4ms)


Started GET "/analytics" for 127.0.0.1 at Tue Dec 06 08:14:00 +0800 2011
  Processing by AnalyticsController#index as HTML
Rendered analytics/index.html.erb within layouts/application (0.0ms)
Completed 500 Internal Server Error in 1ms

ActionView::Template::Error (application.css isn't precompiled):
    5:         <meta name="description" content="">
    6:         <meta name="author" content="">
    7:         <title>Spreader</title>
    8:         <%= stylesheet_link_tag    "application" %>
    9:         <%= javascript_include_tag "application" %>
    10:         <script type="text/javascript" src="http://code.jquery.com/jquery-latest.js"></script>
    11:         <%= csrf_meta_tags %>
  app/views/layouts/application.html.erb:8:in `_app_views_layouts_application_html_erb___1351471917_2294086920'

Rendered /Library/Ruby/Gems/1.8/gems/actionpack-3.1.3/lib/action_dispatch/middleware/templates/rescues/_trace.erb (1.3ms)
Rendered /Library/Ruby/Gems/1.8/gems/actionpack-3.1.3/lib/action_dispatch/middleware/templates/rescues/_request_and_response.erb (0.8ms)
Rendered /Library/Ruby/Gems/1.8/gems/actionpack-3.1.3/lib/action_dispatch/middleware/templates/rescues/template_error.erb within rescues/layout (3.9ms)


Started GET "/analytics" for 127.0.0.1 at Tue Dec 06 08:14:01 +0800 2011
  Processing by AnalyticsController#index as HTML
Rendered analytics/index.html.erb within layouts/application (0.0ms)
Completed 500 Internal Server Error in 2ms

ActionView::Template::Error (application.css isn't precompiled):
    5:         <meta name="description" content="">
    6:         <meta name="author" content="">
    7:         <title>Spreader</title>
    8:         <%= stylesheet_link_tag    "application" %>
    9:         <%= javascript_include_tag "application" %>
    10:         <script type="text/javascript" src="http://code.jquery.com/jquery-latest.js"></script>
    11:         <%= csrf_meta_tags %>
  app/views/layouts/application.html.erb:8:in `_app_views_layouts_application_html_erb___1351471917_2294086920'

Rendered /Library/Ruby/Gems/1.8/gems/actionpack-3.1.3/lib/action_dispatch/middleware/templates/rescues/_trace.erb (1.2ms)
Rendered /Library/Ruby/Gems/1.8/gems/actionpack-3.1.3/lib/action_dispatch/middleware/templates/rescues/_request_and_response.erb (0.7ms)
Rendered /Library/Ruby/Gems/1.8/gems/actionpack-3.1.3/lib/action_dispatch/middleware/templates/rescues/template_error.erb within rescues/layout (3.7ms)


Started GET "/analytics" for 127.0.0.1 at Tue Dec 06 08:17:11 +0800 2011
  Processing by AnalyticsController#index as HTML
Rendered analytics/index.html.erb within layouts/application (0.0ms)
Completed 500 Internal Server Error in 1ms

ActionView::Template::Error (application.css isn't precompiled):
    5:         <meta name="description" content="">
    6:         <meta name="author" content="">
    7:         <title>Spreader</title>
    8:         <%= stylesheet_link_tag    "application" %>
    9:         <%= javascript_include_tag "application" %>
    10:         <script type="text/javascript" src="http://code.jquery.com/jquery-latest.js"></script>
    11:         <%= csrf_meta_tags %>
  app/views/layouts/application.html.erb:8:in `_app_views_layouts_application_html_erb___1351471917_2294086920'

Rendered /Library/Ruby/Gems/1.8/gems/actionpack-3.1.3/lib/action_dispatch/middleware/templates/rescues/_trace.erb (1.2ms)
Rendered /Library/Ruby/Gems/1.8/gems/actionpack-3.1.3/lib/action_dispatch/middleware/templates/rescues/_request_and_response.erb (0.8ms)
Rendered /Library/Ruby/Gems/1.8/gems/actionpack-3.1.3/lib/action_dispatch/middleware/templates/rescues/template_error.erb within rescues/layout (3.8ms)


Started GET "/" for 127.0.0.1 at Tue Dec 06 08:17:15 +0800 2011
  Processing by HomeController#index as HTML
Rendered home/index.html.erb within layouts/application (0.4ms)
Completed 500 Internal Server Error in 9ms

ActionView::Template::Error (application.css isn't precompiled):
    5:         <meta name="description" content="">
    6:         <meta name="author" content="">
    7:         <title>Spreader</title>
    8:         <%= stylesheet_link_tag    "application" %>
    9:         <%= javascript_include_tag "application" %>
    10:         <script type="text/javascript" src="http://code.jquery.com/jquery-latest.js"></script>
    11:         <%= csrf_meta_tags %>
  app/views/layouts/application.html.erb:8:in `_app_views_layouts_application_html_erb___1351471917_2294086920'

Rendered /Library/Ruby/Gems/1.8/gems/actionpack-3.1.3/lib/action_dispatch/middleware/templates/rescues/_trace.erb (1.2ms)
Rendered /Library/Ruby/Gems/1.8/gems/actionpack-3.1.3/lib/action_dispatch/middleware/templates/rescues/_request_and_response.erb (0.7ms)
Rendered /Library/Ruby/Gems/1.8/gems/actionpack-3.1.3/lib/action_dispatch/middleware/templates/rescues/template_error.erb within rescues/layout (3.6ms)
Compiled application.js  (4ms)  (pid 19861)
Compiled jquery.js  (4ms)  (pid 19861)
Compiled jquery_ujs.js  (0ms)  (pid 19861)
Compiled application.css  (0ms)  (pid 19861)
Compiled application.js  (7ms)  (pid 19854)
Compiled jquery.js  (7ms)  (pid 19854)
Compiled jquery_ujs.js  (1ms)  (pid 19854)
Compiled application.css  (0ms)  (pid 19854)


Started GET "/" for 127.0.0.1 at Tue Dec 06 08:18:35 +0800 2011
  Processing by HomeController#index as HTML
Rendered home/index.html.erb within layouts/application (0.1ms)
Completed 500 Internal Server Error in 2ms

ActionView::Template::Error (application.css isn't precompiled):
    5:         <meta name="description" content="">
    6:         <meta name="author" content="">
    7:         <title>Spreader</title>
    8:         <%= stylesheet_link_tag    "application" %>
    9:         <%= javascript_include_tag "application" %>
    10:         <script type="text/javascript" src="http://code.jquery.com/jquery-latest.js"></script>
    11:         <%= csrf_meta_tags %>
  app/views/layouts/application.html.erb:8:in `_app_views_layouts_application_html_erb___1351471917_2294086920'

Rendered /Library/Ruby/Gems/1.8/gems/actionpack-3.1.3/lib/action_dispatch/middleware/templates/rescues/_trace.erb (1.5ms)
Rendered /Library/Ruby/Gems/1.8/gems/actionpack-3.1.3/lib/action_dispatch/middleware/templates/rescues/_request_and_response.erb (0.8ms)
Rendered /Library/Ruby/Gems/1.8/gems/actionpack-3.1.3/lib/action_dispatch/middleware/templates/rescues/template_error.erb within rescues/layout (4.6ms)


Started GET "/" for 127.0.0.1 at Tue Dec 06 08:18:57 +0800 2011
  Processing by HomeController#index as HTML
Rendered home/index.html.erb within layouts/application (0.1ms)
Completed 500 Internal Server Error in 2ms

ActionView::Template::Error (application.css isn't precompiled):
    5:         <meta name="description" content="">
    6:         <meta name="author" content="">
    7:         <title>Spreader</title>
    8:         <%= stylesheet_link_tag    "application" %>
    9:         <%= javascript_include_tag "application" %>
    10:         <script type="text/javascript" src="http://code.jquery.com/jquery-latest.js"></script>
    11:         <%= csrf_meta_tags %>
  app/views/layouts/application.html.erb:8:in `_app_views_layouts_application_html_erb___1351471917_2294086920'

Rendered /Library/Ruby/Gems/1.8/gems/actionpack-3.1.3/lib/action_dispatch/middleware/templates/rescues/_trace.erb (1.2ms)
Rendered /Library/Ruby/Gems/1.8/gems/actionpack-3.1.3/lib/action_dispatch/middleware/templates/rescues/_request_and_response.erb (0.7ms)
Rendered /Library/Ruby/Gems/1.8/gems/actionpack-3.1.3/lib/action_dispatch/middleware/templates/rescues/template_error.erb within rescues/layout (3.8ms)
Compiled application.js  (4ms)  (pid 4340)
Compiled jquery.js  (4ms)  (pid 4340)
Compiled jquery_ujs.js  (0ms)  (pid 4340)
Compiled application.css  (0ms)  (pid 4340)
Compiled application.js  (5ms)  (pid 4333)
Compiled jquery.js  (14ms)  (pid 4333)
Compiled jquery_ujs.js  (2ms)  (pid 4333)
Compiled application.css  (0ms)  (pid 4333)
Compiled application.js  (7ms)  (pid 25583)
Compiled jquery.js  (6ms)  (pid 25583)
Compiled jquery_ujs.js  (1ms)  (pid 25583)
Compiled date.js  (2ms)  (pid 25583)
Compiled daterangepicker.jQuery.js  (1ms)  (pid 25583)
Compiled highcharts-theme.js  (1ms)  (pid 25583)
Compiled highcharts.js  (2ms)  (pid 25583)
Compiled application.css  (1ms)  (pid 25583)
Compiled application.js  (8ms)  (pid 25576)
Compiled jquery.js  (13ms)  (pid 25576)
Compiled jquery_ujs.js  (1ms)  (pid 25576)
Compiled date.js  (2ms)  (pid 25576)
Compiled daterangepicker.jQuery.js  (2ms)  (pid 25576)
Compiled highcharts-theme.js  (1ms)  (pid 25576)
Compiled highcharts.js  (5ms)  (pid 25576)
Compiled application.css  (1ms)  (pid 25576)


Started GET "/" for 127.0.0.1 at Sat Dec 10 15:19:15 +0800 2011
  Processing by HomeController#index as HTML
Rendered home/index.html.erb within layouts/application (2.4ms)
Completed 500 Internal Server Error in 18ms

ActionView::Template::Error (application.css isn't precompiled):
    5:         <meta name="description" content="">
    6:         <meta name="author" content="">
    7:         <title>Spreader</title>
    8:         <%= stylesheet_link_tag "application", "menu-main", "menu-top", "dashboard", "jquery-ui-1.8.16.custom", "ui.daterangepicker", "chart", "user" %>
    9:         <%= javascript_include_tag "application", "http://ajax.googleapis.com/ajax/libs/jqueryui/1.8.7/jquery-ui.min.js", "highcharts" %>
    10:         <%= csrf_meta_tags %>
    11:     </head>
  app/views/layouts/application.html.erb:8:in `_app_views_layouts_application_html_erb___1351471917_2235186420'

Rendered /Library/Ruby/Gems/1.8/gems/actionpack-3.1.3/lib/action_dispatch/middleware/templates/rescues/_trace.erb (1.3ms)
Rendered /Library/Ruby/Gems/1.8/gems/actionpack-3.1.3/lib/action_dispatch/middleware/templates/rescues/_request_and_response.erb (0.8ms)
Rendered /Library/Ruby/Gems/1.8/gems/actionpack-3.1.3/lib/action_dispatch/middleware/templates/rescues/template_error.erb within rescues/layout (5.2ms)


Started GET "/favicon.ico" for 127.0.0.1 at Sat Dec 10 15:19:16 +0800 2011

ActionController::RoutingError (No route matches [GET] "/favicon.ico"):
  

Rendered /Library/Ruby/Gems/1.8/gems/actionpack-3.1.3/lib/action_dispatch/middleware/templates/rescues/routing_error.erb within rescues/layout (0.7ms)


Started GET "/" for 127.0.0.1 at Sat Dec 10 15:21:18 +0800 2011
  Processing by HomeController#index as HTML
Rendered home/index.html.erb within layouts/application (2.2ms)
Completed 500 Internal Server Error in 15ms

ActionView::Template::Error (application.css isn't precompiled):
    5:         <meta name="description" content="">
    6:         <meta name="author" content="">
    7:         <title>Spreader</title>
    8:         <%= stylesheet_link_tag "application", "menu-main", "menu-top", "dashboard", "jquery-ui-1.8.16.custom", "ui.daterangepicker", "chart", "user" %>
    9:         <%= javascript_include_tag "application", "http://ajax.googleapis.com/ajax/libs/jqueryui/1.8.7/jquery-ui.min.js", "highcharts" %>
    10:         <%= csrf_meta_tags %>
    11:     </head>
  app/views/layouts/application.html.erb:8:in `_app_views_layouts_application_html_erb___1351471917_2277263240'

Rendered /Library/Ruby/Gems/1.8/gems/actionpack-3.1.3/lib/action_dispatch/middleware/templates/rescues/_trace.erb (2.2ms)
Rendered /Library/Ruby/Gems/1.8/gems/actionpack-3.1.3/lib/action_dispatch/middleware/templates/rescues/_request_and_response.erb (1.2ms)
Rendered /Library/Ruby/Gems/1.8/gems/actionpack-3.1.3/lib/action_dispatch/middleware/templates/rescues/template_error.erb within rescues/layout (7.0ms)


Started GET "/favicon.ico" for 127.0.0.1 at Sat Dec 10 15:21:18 +0800 2011

ActionController::RoutingError (No route matches [GET] "/favicon.ico"):
  

Rendered /Library/Ruby/Gems/1.8/gems/actionpack-3.1.3/lib/action_dispatch/middleware/templates/rescues/routing_error.erb within rescues/layout (0.5ms)


Started GET "/" for 127.0.0.1 at Sat Dec 10 15:46:12 +0800 2011
  Processing by HomeController#index as HTML
Rendered home/index.html.erb within layouts/application (2.3ms)
Compiled application.css  (1ms)  (pid 35421)
Compiled menu-main.css  (219ms)  (pid 35421)
Compiled menu-top.css  (82ms)  (pid 35421)
Compiled dashboard.css  (78ms)  (pid 35421)
Compiled jquery-ui-1.8.16.custom  (2ms)  (pid 35421)
Compiled ui.daterangepicker  (0ms)  (pid 35421)
Compiled chart.css  (10ms)  (pid 35421)
Compiled user.css  (3ms)  (pid 35421)
Compiled application.js  (6ms)  (pid 35421)
MONGODB [WARNING] Please note that logging negatively impacts client-side performance. You should set your logging level no lower than :info in production.
Rendered shared/_navigation.html.erb (7.2ms)
Completed 500 Internal Server Error in 7022ms

ActionView::Template::Error (Failed to connect to a master node at localhost:27017):
    1: <% if user_signed_in? %> <!-- drop down after login -->
    2:     <li><%= link_to image_tag("gear.png", :class => 'settings-gear') + " #{current_user.email}", edit_user_registration_path, :class => 'settings-user' %>
    3:       <ul>
    4:         <li><%= link_to 'Networks', edit_user_registration_path  %></li>
  app/views/shared/_navigation.html.erb:1:in `_app_views_shared__navigation_html_erb__1756758129_2303548100'
  app/views/layouts/application.html.erb:17:in `_app_views_layouts_application_html_erb___1351471917_2305190880'

Rendered /Library/Ruby/Gems/1.8/gems/actionpack-3.1.3/lib/action_dispatch/middleware/templates/rescues/_trace.erb (1.5ms)
Rendered /Library/Ruby/Gems/1.8/gems/actionpack-3.1.3/lib/action_dispatch/middleware/templates/rescues/_request_and_response.erb (0.9ms)
Rendered /Library/Ruby/Gems/1.8/gems/actionpack-3.1.3/lib/action_dispatch/middleware/templates/rescues/template_error.erb within rescues/layout (5.6ms)


Started GET "/favicon.ico" for 127.0.0.1 at Sat Dec 10 15:46:19 +0800 2011

ActionController::RoutingError (No route matches [GET] "/favicon.ico"):
  

Rendered /Library/Ruby/Gems/1.8/gems/actionpack-3.1.3/lib/action_dispatch/middleware/templates/rescues/routing_error.erb within rescues/layout (0.5ms)


Started GET "/" for 127.0.0.1 at Sat Dec 10 15:47:22 +0800 2011
  Processing by HomeController#index as HTML
Rendered home/index.html.erb within layouts/application (0.1ms)
MONGODB [WARNING] Please note that logging negatively impacts client-side performance. You should set your logging level no lower than :info in production.
Rendered shared/_navigation.html.erb (2.2ms)
Completed 500 Internal Server Error in 7ms

ActionView::Template::Error (Failed to connect to a master node at localhost:27017):
    1: <% if user_signed_in? %> <!-- drop down after login -->
    2:     <li><%= link_to image_tag("gear.png", :class => 'settings-gear') + " #{current_user.email}", edit_user_registration_path, :class => 'settings-user' %>
    3:       <ul>
    4:         <li><%= link_to 'Networks', edit_user_registration_path  %></li>
  app/views/shared/_navigation.html.erb:1:in `_app_views_shared__navigation_html_erb__1756758129_2303548100'
  app/views/layouts/application.html.erb:17:in `_app_views_layouts_application_html_erb___1351471917_2305190880'

Rendered /Library/Ruby/Gems/1.8/gems/actionpack-3.1.3/lib/action_dispatch/middleware/templates/rescues/_trace.erb (1.6ms)
Rendered /Library/Ruby/Gems/1.8/gems/actionpack-3.1.3/lib/action_dispatch/middleware/templates/rescues/_request_and_response.erb (0.8ms)
Rendered /Library/Ruby/Gems/1.8/gems/actionpack-3.1.3/lib/action_dispatch/middleware/templates/rescues/template_error.erb within rescues/layout (4.4ms)


Started GET "/favicon.ico" for 127.0.0.1 at Sat Dec 10 15:47:23 +0800 2011

ActionController::RoutingError (No route matches [GET] "/favicon.ico"):
  

Rendered /Library/Ruby/Gems/1.8/gems/actionpack-3.1.3/lib/action_dispatch/middleware/templates/rescues/routing_error.erb within rescues/layout (0.8ms)


Started GET "/" for 127.0.0.1 at Sat Dec 10 15:47:33 +0800 2011
  Processing by HomeController#index as HTML
Rendered home/index.html.erb within layouts/application (0.0ms)
MONGODB [WARNING] Please note that logging negatively impacts client-side performance. You should set your logging level no lower than :info in production.
Rendered shared/_navigation.html.erb (2.3ms)
Completed 500 Internal Server Error in 8ms

ActionView::Template::Error (Failed to connect to a master node at localhost:27017):
    1: <% if user_signed_in? %> <!-- drop down after login -->
    2:     <li><%= link_to image_tag("gear.png", :class => 'settings-gear') + " #{current_user.email}", edit_user_registration_path, :class => 'settings-user' %>
    3:       <ul>
    4:         <li><%= link_to 'Networks', edit_user_registration_path  %></li>
  app/views/shared/_navigation.html.erb:1:in `_app_views_shared__navigation_html_erb__1756758129_2303548100'
  app/views/layouts/application.html.erb:17:in `_app_views_layouts_application_html_erb___1351471917_2305190880'

Rendered /Library/Ruby/Gems/1.8/gems/actionpack-3.1.3/lib/action_dispatch/middleware/templates/rescues/_trace.erb (1.9ms)
Rendered /Library/Ruby/Gems/1.8/gems/actionpack-3.1.3/lib/action_dispatch/middleware/templates/rescues/_request_and_response.erb (1.4ms)
Rendered /Library/Ruby/Gems/1.8/gems/actionpack-3.1.3/lib/action_dispatch/middleware/templates/rescues/template_error.erb within rescues/layout (6.4ms)


Started GET "/favicon.ico" for 127.0.0.1 at Sat Dec 10 15:47:33 +0800 2011

ActionController::RoutingError (No route matches [GET] "/favicon.ico"):
  

Rendered /Library/Ruby/Gems/1.8/gems/actionpack-3.1.3/lib/action_dispatch/middleware/templates/rescues/routing_error.erb within rescues/layout (0.7ms)


Started GET "/" for 127.0.0.1 at Sat Dec 10 15:47:52 +0800 2011
  Processing by HomeController#index as HTML
Rendered home/index.html.erb within layouts/application (1.5ms)
Rendered shared/_navigation.html.erb (500.4ms)
Rendered shared/_main_navigation.html.erb (0.5ms)
Completed 200 OK in 544ms (Views: 544.1ms)


Started GET "/assets/application-773410f3fa85c357165c08beaa57eb01.css" for 127.0.0.1 at Sat Dec 10 15:47:52 +0800 2011
Served asset /application-773410f3fa85c357165c08beaa57eb01.css - 200 OK (0ms)


Started GET "/assets/menu-main-10c3b70caa036f3fcf08227fb4f5eb95.css" for 127.0.0.1 at Sat Dec 10 15:47:52 +0800 2011
Served asset /menu-main-10c3b70caa036f3fcf08227fb4f5eb95.css - 200 OK (1ms)


Started GET "/assets/menu-top-02707820ea51ecc97f5d394634a90182.css" for 127.0.0.1 at Sat Dec 10 15:47:52 +0800 2011
Served asset /menu-top-02707820ea51ecc97f5d394634a90182.css - 200 OK (0ms)


Started GET "/assets/dashboard-bcf943b92c70666013081ac60c33fcc1.css" for 127.0.0.1 at Sat Dec 10 15:47:52 +0800 2011
Served asset /dashboard-bcf943b92c70666013081ac60c33fcc1.css - 200 OK (1ms)


Started GET "/assets/jquery-ui-1.8.16-295ebe03b92f44895cb16b9b1b854a78.custom" for 127.0.0.1 at Sat Dec 10 15:47:52 +0800 2011
Served asset /jquery-ui-1.8.16-295ebe03b92f44895cb16b9b1b854a78.custom - 404 Not Found (4ms)

ActionController::RoutingError (No route matches [GET] "/assets/jquery-ui-1.8.16-295ebe03b92f44895cb16b9b1b854a78.custom"):
  

Rendered /Library/Ruby/Gems/1.8/gems/actionpack-3.1.3/lib/action_dispatch/middleware/templates/rescues/routing_error.erb within rescues/layout (0.8ms)


Started GET "/assets/ui-1a977730df3435b9b702ae71654e97d3.daterangepicker" for 127.0.0.1 at Sat Dec 10 15:47:53 +0800 2011
Served asset /ui-1a977730df3435b9b702ae71654e97d3.daterangepicker - 200 OK (1ms)


Started GET "/assets/chart-19f87ac7864bde9db6718588302ee756.css" for 127.0.0.1 at Sat Dec 10 15:47:53 +0800 2011
Served asset /chart-19f87ac7864bde9db6718588302ee756.css - 200 OK (1ms)


Started GET "/assets/user-28e69409b048073d57625a8eec24b5a7.css" for 127.0.0.1 at Sat Dec 10 15:47:53 +0800 2011
Served asset /user-28e69409b048073d57625a8eec24b5a7.css - 200 OK (1ms)


Started GET "/assets/application-13f2a1d74158924066b3ffdb0e27f69f.js" for 127.0.0.1 at Sat Dec 10 15:47:53 +0800 2011
Served asset /application-13f2a1d74158924066b3ffdb0e27f69f.js - 200 OK (1ms)


Started GET "/assets/highcharts-6cbbedb05dee663c37eafaf18a5bdb32.js" for 127.0.0.1 at Sat Dec 10 15:47:53 +0800 2011
Served asset /highcharts-6cbbedb05dee663c37eafaf18a5bdb32.js - 200 OK (1ms)


Started GET "/assets/sm-logo.png" for 127.0.0.1 at Sat Dec 10 15:47:53 +0800 2011
Served asset /sm-logo.png - 304 Not Modified (2ms)


Started GET "/assets/facebook.png" for 127.0.0.1 at Sat Dec 10 15:47:53 +0800 2011
Served asset /facebook.png - 304 Not Modified (2ms)


Started GET "/assets/linkedin.png" for 127.0.0.1 at Sat Dec 10 15:47:53 +0800 2011
Served asset /linkedin.png - 304 Not Modified (2ms)


Started GET "/assets/twitter.png" for 127.0.0.1 at Sat Dec 10 15:47:53 +0800 2011
Served asset /twitter.png - 304 Not Modified (2ms)


Started GET "/assets/blogger.png" for 127.0.0.1 at Sat Dec 10 15:47:53 +0800 2011
Served asset /blogger.png - 304 Not Modified (2ms)


Started GET "/assets/youtube.png" for 127.0.0.1 at Sat Dec 10 15:47:53 +0800 2011
Served asset /youtube.png - 304 Not Modified (2ms)


Started GET "/favicon.ico" for 127.0.0.1 at Sat Dec 10 15:47:53 +0800 2011

ActionController::RoutingError (No route matches [GET] "/favicon.ico"):
  

Rendered /Library/Ruby/Gems/1.8/gems/actionpack-3.1.3/lib/action_dispatch/middleware/templates/rescues/routing_error.erb within rescues/layout (0.4ms)


Started GET "/tutorials" for 127.0.0.1 at Sat Dec 10 15:48:02 +0800 2011
  Processing by TutorialsController#index as HTML
Rendered tutorials/index.html.erb within layouts/application (0.4ms)
Rendered shared/_navigation.html.erb (1.0ms)
Rendered shared/_main_navigation.html.erb (0.2ms)
Completed 200 OK in 14ms (Views: 13.3ms)


Started GET "/assets/jquery-ui-1.8.16-295ebe03b92f44895cb16b9b1b854a78.custom" for 127.0.0.1 at Sat Dec 10 15:48:02 +0800 2011
Served asset /jquery-ui-1.8.16-295ebe03b92f44895cb16b9b1b854a78.custom - 404 Not Found (2ms)

ActionController::RoutingError (No route matches [GET] "/assets/jquery-ui-1.8.16-295ebe03b92f44895cb16b9b1b854a78.custom"):
  

Rendered /Library/Ruby/Gems/1.8/gems/actionpack-3.1.3/lib/action_dispatch/middleware/templates/rescues/routing_error.erb within rescues/layout (0.6ms)


Started GET "/assets/sm-logo.png" for 127.0.0.1 at Sat Dec 10 15:48:02 +0800 2011
Served asset /sm-logo.png - 304 Not Modified (0ms)


Started GET "/assets/facebook.png" for 127.0.0.1 at Sat Dec 10 15:48:02 +0800 2011
Served asset /facebook.png - 304 Not Modified (0ms)


Started GET "/assets/linkedin.png" for 127.0.0.1 at Sat Dec 10 15:48:02 +0800 2011
Served asset /linkedin.png - 304 Not Modified (0ms)


Started GET "/assets/twitter.png" for 127.0.0.1 at Sat Dec 10 15:48:02 +0800 2011
Served asset /twitter.png - 304 Not Modified (0ms)


Started GET "/assets/youtube.png" for 127.0.0.1 at Sat Dec 10 15:48:02 +0800 2011
Served asset /youtube.png - 304 Not Modified (0ms)


Started GET "/assets/blogger.png" for 127.0.0.1 at Sat Dec 10 15:48:02 +0800 2011
Served asset /blogger.png - 304 Not Modified (0ms)


Started GET "/favicon.ico" for 127.0.0.1 at Sat Dec 10 15:48:02 +0800 2011

ActionController::RoutingError (No route matches [GET] "/favicon.ico"):
  

Rendered /Library/Ruby/Gems/1.8/gems/actionpack-3.1.3/lib/action_dispatch/middleware/templates/rescues/routing_error.erb within rescues/layout (0.7ms)


Started GET "/favicon.ico" for 127.0.0.1 at Sat Dec 10 15:48:03 +0800 2011

ActionController::RoutingError (No route matches [GET] "/favicon.ico"):
  

Rendered /Library/Ruby/Gems/1.8/gems/actionpack-3.1.3/lib/action_dispatch/middleware/templates/rescues/routing_error.erb within rescues/layout (0.9ms)


Started GET "/favicon.ico" for 127.0.0.1 at Sat Dec 10 15:48:09 +0800 2011

ActionController::RoutingError (No route matches [GET] "/favicon.ico"):
  

Rendered /Library/Ruby/Gems/1.8/gems/actionpack-3.1.3/lib/action_dispatch/middleware/templates/rescues/routing_error.erb within rescues/layout (0.5ms)


Started GET "/features" for 127.0.0.1 at Sat Dec 10 15:48:10 +0800 2011
  Processing by FeaturesController#index as HTML
Rendered features/index.html.erb within layouts/application (0.4ms)
Rendered shared/_navigation.html.erb (1.0ms)
Rendered shared/_main_navigation.html.erb (0.2ms)
Completed 200 OK in 14ms (Views: 13.4ms)


Started GET "/assets/jquery-ui-1.8.16-295ebe03b92f44895cb16b9b1b854a78.custom" for 127.0.0.1 at Sat Dec 10 15:48:10 +0800 2011
Served asset /jquery-ui-1.8.16-295ebe03b92f44895cb16b9b1b854a78.custom - 404 Not Found (1ms)

ActionController::RoutingError (No route matches [GET] "/assets/jquery-ui-1.8.16-295ebe03b92f44895cb16b9b1b854a78.custom"):
  

Rendered /Library/Ruby/Gems/1.8/gems/actionpack-3.1.3/lib/action_dispatch/middleware/templates/rescues/routing_error.erb within rescues/layout (0.5ms)


Started GET "/assets/sm-logo.png" for 127.0.0.1 at Sat Dec 10 15:48:10 +0800 2011
Served asset /sm-logo.png - 304 Not Modified (0ms)


Started GET "/assets/facebook.png" for 127.0.0.1 at Sat Dec 10 15:48:10 +0800 2011
Served asset /facebook.png - 304 Not Modified (0ms)


Started GET "/assets/linkedin.png" for 127.0.0.1 at Sat Dec 10 15:48:10 +0800 2011
Served asset /linkedin.png - 304 Not Modified (0ms)


Started GET "/assets/twitter.png" for 127.0.0.1 at Sat Dec 10 15:48:10 +0800 2011
Served asset /twitter.png - 304 Not Modified (0ms)


Started GET "/assets/youtube.png" for 127.0.0.1 at Sat Dec 10 15:48:10 +0800 2011
Served asset /youtube.png - 304 Not Modified (0ms)


Started GET "/assets/blogger.png" for 127.0.0.1 at Sat Dec 10 15:48:10 +0800 2011
Served asset /blogger.png - 304 Not Modified (0ms)


Started GET "/favicon.ico" for 127.0.0.1 at Sat Dec 10 15:48:10 +0800 2011

ActionController::RoutingError (No route matches [GET] "/favicon.ico"):
  

Rendered /Library/Ruby/Gems/1.8/gems/actionpack-3.1.3/lib/action_dispatch/middleware/templates/rescues/routing_error.erb within rescues/layout (0.4ms)


Started GET "/favicon.ico" for 127.0.0.1 at Sat Dec 10 15:48:11 +0800 2011

ActionController::RoutingError (No route matches [GET] "/favicon.ico"):
  

Rendered /Library/Ruby/Gems/1.8/gems/actionpack-3.1.3/lib/action_dispatch/middleware/templates/rescues/routing_error.erb within rescues/layout (0.5ms)


Started GET "/" for 127.0.0.1 at Sat Dec 10 15:48:12 +0800 2011
  Processing by HomeController#index as HTML
Rendered home/index.html.erb within layouts/application (0.0ms)
Rendered shared/_navigation.html.erb (0.8ms)
Rendered shared/_main_navigation.html.erb (0.1ms)
Completed 200 OK in 5ms (Views: 5.1ms)


Started GET "/assets/jquery-ui-1.8.16-295ebe03b92f44895cb16b9b1b854a78.custom" for 127.0.0.1 at Sat Dec 10 15:48:12 +0800 2011
Served asset /jquery-ui-1.8.16-295ebe03b92f44895cb16b9b1b854a78.custom - 404 Not Found (2ms)

ActionController::RoutingError (No route matches [GET] "/assets/jquery-ui-1.8.16-295ebe03b92f44895cb16b9b1b854a78.custom"):
  

Rendered /Library/Ruby/Gems/1.8/gems/actionpack-3.1.3/lib/action_dispatch/middleware/templates/rescues/routing_error.erb within rescues/layout (0.5ms)


Started GET "/assets/sm-logo.png" for 127.0.0.1 at Sat Dec 10 15:48:12 +0800 2011
Served asset /sm-logo.png - 304 Not Modified (0ms)


Started GET "/assets/facebook.png" for 127.0.0.1 at Sat Dec 10 15:48:12 +0800 2011
Served asset /facebook.png - 304 Not Modified (0ms)


Started GET "/assets/linkedin.png" for 127.0.0.1 at Sat Dec 10 15:48:12 +0800 2011
Served asset /linkedin.png - 304 Not Modified (0ms)


Started GET "/assets/twitter.png" for 127.0.0.1 at Sat Dec 10 15:48:12 +0800 2011
Served asset /twitter.png - 304 Not Modified (0ms)


Started GET "/assets/youtube.png" for 127.0.0.1 at Sat Dec 10 15:48:12 +0800 2011
Served asset /youtube.png - 304 Not Modified (0ms)


Started GET "/assets/blogger.png" for 127.0.0.1 at Sat Dec 10 15:48:12 +0800 2011
Served asset /blogger.png - 304 Not Modified (0ms)


Started GET "/favicon.ico" for 127.0.0.1 at Sat Dec 10 15:48:13 +0800 2011

ActionController::RoutingError (No route matches [GET] "/favicon.ico"):
  

Rendered /Library/Ruby/Gems/1.8/gems/actionpack-3.1.3/lib/action_dispatch/middleware/templates/rescues/routing_error.erb within rescues/layout (0.7ms)


Started GET "/about" for 127.0.0.1 at Sat Dec 10 15:48:16 +0800 2011
  Processing by AboutController#index as HTML
Rendered about/index.html.erb within layouts/application (0.2ms)
Rendered shared/_navigation.html.erb (0.7ms)
Rendered shared/_main_navigation.html.erb (0.1ms)
Completed 200 OK in 12ms (Views: 11.5ms)


Started GET "/assets/jquery-ui-1.8.16-295ebe03b92f44895cb16b9b1b854a78.custom" for 127.0.0.1 at Sat Dec 10 15:48:16 +0800 2011
Served asset /jquery-ui-1.8.16-295ebe03b92f44895cb16b9b1b854a78.custom - 404 Not Found (2ms)

ActionController::RoutingError (No route matches [GET] "/assets/jquery-ui-1.8.16-295ebe03b92f44895cb16b9b1b854a78.custom"):
  

Rendered /Library/Ruby/Gems/1.8/gems/actionpack-3.1.3/lib/action_dispatch/middleware/templates/rescues/routing_error.erb within rescues/layout (0.6ms)


Started GET "/assets/sm-logo.png" for 127.0.0.1 at Sat Dec 10 15:48:16 +0800 2011
Served asset /sm-logo.png - 304 Not Modified (0ms)


Started GET "/assets/facebook.png" for 127.0.0.1 at Sat Dec 10 15:48:16 +0800 2011
Served asset /facebook.png - 304 Not Modified (0ms)


Started GET "/assets/linkedin.png" for 127.0.0.1 at Sat Dec 10 15:48:16 +0800 2011
Served asset /linkedin.png - 304 Not Modified (0ms)


Started GET "/assets/youtube.png" for 127.0.0.1 at Sat Dec 10 15:48:16 +0800 2011
Served asset /youtube.png - 304 Not Modified (0ms)


Started GET "/assets/blogger.png" for 127.0.0.1 at Sat Dec 10 15:48:16 +0800 2011
Served asset /blogger.png - 304 Not Modified (0ms)


Started GET "/assets/twitter.png" for 127.0.0.1 at Sat Dec 10 15:48:16 +0800 2011
Served asset /twitter.png - 304 Not Modified (0ms)


Started GET "/favicon.ico" for 127.0.0.1 at Sat Dec 10 15:48:16 +0800 2011

ActionController::RoutingError (No route matches [GET] "/favicon.ico"):
  

Rendered /Library/Ruby/Gems/1.8/gems/actionpack-3.1.3/lib/action_dispatch/middleware/templates/rescues/routing_error.erb within rescues/layout (0.5ms)


Started GET "/favicon.ico" for 127.0.0.1 at Sat Dec 10 15:48:17 +0800 2011

ActionController::RoutingError (No route matches [GET] "/favicon.ico"):
  

Rendered /Library/Ruby/Gems/1.8/gems/actionpack-3.1.3/lib/action_dispatch/middleware/templates/rescues/routing_error.erb within rescues/layout (0.5ms)


Started GET "/pricing" for 127.0.0.1 at Sat Dec 10 15:48:18 +0800 2011
  Processing by PricingController#index as HTML
Rendered pricing/index.html.erb within layouts/application (0.2ms)
Rendered shared/_navigation.html.erb (0.7ms)
Rendered shared/_main_navigation.html.erb (0.1ms)
Completed 200 OK in 11ms (Views: 10.8ms)


Started GET "/assets/jquery-ui-1.8.16-295ebe03b92f44895cb16b9b1b854a78.custom" for 127.0.0.1 at Sat Dec 10 15:48:18 +0800 2011
Served asset /jquery-ui-1.8.16-295ebe03b92f44895cb16b9b1b854a78.custom - 404 Not Found (2ms)

ActionController::RoutingError (No route matches [GET] "/assets/jquery-ui-1.8.16-295ebe03b92f44895cb16b9b1b854a78.custom"):
  

Rendered /Library/Ruby/Gems/1.8/gems/actionpack-3.1.3/lib/action_dispatch/middleware/templates/rescues/routing_error.erb within rescues/layout (0.5ms)


Started GET "/assets/sm-logo.png" for 127.0.0.1 at Sat Dec 10 15:48:18 +0800 2011
Served asset /sm-logo.png - 304 Not Modified (0ms)


Started GET "/assets/facebook.png" for 127.0.0.1 at Sat Dec 10 15:48:18 +0800 2011
Served asset /facebook.png - 304 Not Modified (0ms)


Started GET "/assets/linkedin.png" for 127.0.0.1 at Sat Dec 10 15:48:18 +0800 2011
Served asset /linkedin.png - 304 Not Modified (0ms)


Started GET "/assets/twitter.png" for 127.0.0.1 at Sat Dec 10 15:48:18 +0800 2011
Served asset /twitter.png - 304 Not Modified (0ms)


Started GET "/assets/blogger.png" for 127.0.0.1 at Sat Dec 10 15:48:18 +0800 2011
Served asset /blogger.png - 304 Not Modified (0ms)


Started GET "/assets/youtube.png" for 127.0.0.1 at Sat Dec 10 15:48:18 +0800 2011
Served asset /youtube.png - 304 Not Modified (0ms)


Started GET "/favicon.ico" for 127.0.0.1 at Sat Dec 10 15:48:18 +0800 2011

ActionController::RoutingError (No route matches [GET] "/favicon.ico"):
  

Rendered /Library/Ruby/Gems/1.8/gems/actionpack-3.1.3/lib/action_dispatch/middleware/templates/rescues/routing_error.erb within rescues/layout (0.8ms)


Started GET "/favicon.ico" for 127.0.0.1 at Sat Dec 10 15:48:18 +0800 2011

ActionController::RoutingError (No route matches [GET] "/favicon.ico"):
  

Rendered /Library/Ruby/Gems/1.8/gems/actionpack-3.1.3/lib/action_dispatch/middleware/templates/rescues/routing_error.erb within rescues/layout (0.6ms)


Started GET "/tutorials" for 127.0.0.1 at Sat Dec 10 15:48:20 +0800 2011
  Processing by TutorialsController#index as HTML
Rendered tutorials/index.html.erb within layouts/application (0.1ms)
Rendered shared/_navigation.html.erb (0.8ms)
Rendered shared/_main_navigation.html.erb (0.1ms)
Completed 200 OK in 5ms (Views: 5.1ms)


Started GET "/assets/jquery-ui-1.8.16-295ebe03b92f44895cb16b9b1b854a78.custom" for 127.0.0.1 at Sat Dec 10 15:48:20 +0800 2011
Served asset /jquery-ui-1.8.16-295ebe03b92f44895cb16b9b1b854a78.custom - 404 Not Found (2ms)

ActionController::RoutingError (No route matches [GET] "/assets/jquery-ui-1.8.16-295ebe03b92f44895cb16b9b1b854a78.custom"):
  

Rendered /Library/Ruby/Gems/1.8/gems/actionpack-3.1.3/lib/action_dispatch/middleware/templates/rescues/routing_error.erb within rescues/layout (1.1ms)


Started GET "/assets/sm-logo.png" for 127.0.0.1 at Sat Dec 10 15:48:20 +0800 2011
Served asset /sm-logo.png - 304 Not Modified (0ms)


Started GET "/assets/facebook.png" for 127.0.0.1 at Sat Dec 10 15:48:20 +0800 2011
Served asset /facebook.png - 304 Not Modified (0ms)


Started GET "/assets/linkedin.png" for 127.0.0.1 at Sat Dec 10 15:48:20 +0800 2011
Served asset /linkedin.png - 304 Not Modified (0ms)


Started GET "/assets/youtube.png" for 127.0.0.1 at Sat Dec 10 15:48:20 +0800 2011
Served asset /youtube.png - 304 Not Modified (0ms)


Started GET "/assets/blogger.png" for 127.0.0.1 at Sat Dec 10 15:48:20 +0800 2011
Served asset /blogger.png - 304 Not Modified (0ms)


Started GET "/assets/twitter.png" for 127.0.0.1 at Sat Dec 10 15:48:20 +0800 2011
Served asset /twitter.png - 304 Not Modified (0ms)


Started GET "/favicon.ico" for 127.0.0.1 at Sat Dec 10 15:48:20 +0800 2011

ActionController::RoutingError (No route matches [GET] "/favicon.ico"):
  

Rendered /Library/Ruby/Gems/1.8/gems/actionpack-3.1.3/lib/action_dispatch/middleware/templates/rescues/routing_error.erb within rescues/layout (0.7ms)


Started GET "/favicon.ico" for 127.0.0.1 at Sat Dec 10 15:48:21 +0800 2011

ActionController::RoutingError (No route matches [GET] "/favicon.ico"):
  

Rendered /Library/Ruby/Gems/1.8/gems/actionpack-3.1.3/lib/action_dispatch/middleware/templates/rescues/routing_error.erb within rescues/layout (0.9ms)


Started GET "/faq" for 127.0.0.1 at Sat Dec 10 15:48:22 +0800 2011
  Processing by FaqController#index as HTML
Rendered faq/index.html.erb within layouts/application (0.4ms)
Rendered shared/_navigation.html.erb (1.0ms)
Rendered shared/_main_navigation.html.erb (0.1ms)
Completed 200 OK in 14ms (Views: 13.8ms)


Started GET "/assets/jquery-ui-1.8.16-295ebe03b92f44895cb16b9b1b854a78.custom" for 127.0.0.1 at Sat Dec 10 15:48:22 +0800 2011
Served asset /jquery-ui-1.8.16-295ebe03b92f44895cb16b9b1b854a78.custom - 404 Not Found (2ms)

ActionController::RoutingError (No route matches [GET] "/assets/jquery-ui-1.8.16-295ebe03b92f44895cb16b9b1b854a78.custom"):
  

Rendered /Library/Ruby/Gems/1.8/gems/actionpack-3.1.3/lib/action_dispatch/middleware/templates/rescues/routing_error.erb within rescues/layout (0.7ms)


Started GET "/assets/sm-logo.png" for 127.0.0.1 at Sat Dec 10 15:48:22 +0800 2011
Served asset /sm-logo.png - 304 Not Modified (0ms)


Started GET "/assets/facebook.png" for 127.0.0.1 at Sat Dec 10 15:48:22 +0800 2011
Served asset /facebook.png - 304 Not Modified (0ms)


Started GET "/assets/twitter.png" for 127.0.0.1 at Sat Dec 10 15:48:22 +0800 2011
Served asset /twitter.png - 304 Not Modified (0ms)


Started GET "/assets/youtube.png" for 127.0.0.1 at Sat Dec 10 15:48:22 +0800 2011
Served asset /youtube.png - 304 Not Modified (0ms)


Started GET "/assets/blogger.png" for 127.0.0.1 at Sat Dec 10 15:48:22 +0800 2011
Served asset /blogger.png - 304 Not Modified (0ms)


Started GET "/assets/linkedin.png" for 127.0.0.1 at Sat Dec 10 15:48:22 +0800 2011
Served asset /linkedin.png - 304 Not Modified (0ms)


Started GET "/favicon.ico" for 127.0.0.1 at Sat Dec 10 15:48:22 +0800 2011

ActionController::RoutingError (No route matches [GET] "/favicon.ico"):
  

Rendered /Library/Ruby/Gems/1.8/gems/actionpack-3.1.3/lib/action_dispatch/middleware/templates/rescues/routing_error.erb within rescues/layout (0.5ms)


Started GET "/favicon.ico" for 127.0.0.1 at Sat Dec 10 15:48:23 +0800 2011

ActionController::RoutingError (No route matches [GET] "/favicon.ico"):
  

Rendered /Library/Ruby/Gems/1.8/gems/actionpack-3.1.3/lib/action_dispatch/middleware/templates/rescues/routing_error.erb within rescues/layout (0.5ms)
MONGODB [WARNING] Please note that logging negatively impacts client-side performance. You should set your logging level no lower than :info in production.
